ts=2016-04-06T20:51:40-04:00 type=info service=app method="Initializing app." message=Main
ts=2016-04-06T20:51:40-04:00 type=info service=app method=ServiceRegistration message="Stela Client Registered"
ts=2016-04-06T20:51:40-04:00 type=info service=app method="Establishing HTTP Bindings" message=Main addr=:58254 transport=HTTP/JSON
ts=2016-04-06T20:51:40-04:00 type=info service=app method="New Handler" message=Main path=/users type=POST
ts=2016-04-06T20:51:40-04:00 type=info service=app method="New Handler" message=Main path=/users/{id} type=GET
ts=2016-04-06T20:52:07-04:00 type=info service=app method="Initializing app." message=Main
ts=2016-04-06T20:52:07-04:00 type=info service=app method=ServiceRegistration message="Stela Client Registered"
ts=2016-04-06T20:52:07-04:00 type=info service=app method="Establishing HTTP Bindings" message=Main addr=:58269 transport=HTTP/JSON
ts=2016-04-06T20:52:07-04:00 type=info service=app method="New Handler" message=Main path=/users type=POST
ts=2016-04-06T20:52:07-04:00 type=info service=app method="New Handler" message=Main path=/users/{id} type=GET
msg="http: panic serving [::1]:58278: result argument must be a slice address\ngoroutine 50 [running]:\nnet/http.(*conn).serve.func1(0xc820164080)\n\t/usr/local/Cellar/go/1.6/libexec/src/net/http/server.go:1389 +0xc1\npanic(0x377020, 0xc820010c30)\n\t/usr/local/Cellar/go/1.6/libexec/src/runtime/panic.go:426 +0x4e9\ngopkg.in/mgo%2ev2.(*Iter).All(0xc8201720f0, 0x355360, 0x0, 0x0, 0x0)\n\t/Users/rodrigo/work/src/gopkg.in/mgo.v2/session.go:3524 +0x742\ngopkg.in/mgo%2ev2.(*Query).All(0xc82018c300, 0x355360, 0x0, 0x0, 0x0)\n\t/Users/rodrigo/work/src/gopkg.in/mgo.v2/session.go:3551 +0x4f\nmain.userService.GetByID(0xc82014e4bb, 0x18, 0x0, 0x0, 0x0)\n\t/Users/rodrigo/work/src/gitlab.com/buzz/user/service.go:105 +0x3a0\nmain.(*userService).GetByID(0x6e8b98, 0xc82014e4bb, 0x18, 0x0, 0x0, 0x0)\n\t<autogenerated>:15 +0xad\nmain.userServiceLogginMiddleware.GetByID(0xc8200dc780, 0x949d40, 0x6e8b98, 0xc82014e4bb, 0x18, 0xc820118918, 0x0, 0x0)\n\t/Users/rodrigo/work/src/gitlab.com/buzz/user/logging.go:34 +0x72\nmain.(*userServiceLogginMiddleware).GetByID(0xc8200dcba0, 0xc82014e4bb, 0x18, 0x2, 0x0, 0x0)\n\t<autogenerated>:9 +0xc1\nmain.handleGetUserByID.func1(0x9c00a8, 0xc8201680d0, 0xc8201660e0)\n\t/Users/rodrigo/work/src/gitlab.com/buzz/user/handlers.go:74 +0x144\nnet/http.HandlerFunc.ServeHTTP(0xc8200dccc0, 0x9c00a8, 0xc8201680d0, 0xc8201660e0)\n\t/usr/local/Cellar/go/1.6/libexec/src/net/http/server.go:1618 +0x3a\ngithub.com/gorilla/mux.(*Router).ServeHTTP(0xc82009a4b0, 0x9c00a8, 0xc8201680d0, 0xc8201660e0)\n\t/Users/rodrigo/work/src/github.com/gorilla/mux/mux.go:103 +0x270\nnet/http.(*ServeMux).ServeHTTP(0xc820076a80, 0x9c00a8, 0xc8201680d0, 0xc8201660e0)\n\t/usr/local/Cellar/go/1.6/libexec/src/net/http/server.go:1910 +0x17d\nnet/http.serverHandler.ServeHTTP(0xc82009cc00, 0x9c00a8, 0xc8201680d0, 0xc8201660e0)\n\t/usr/local/Cellar/go/1.6/libexec/src/net/http/server.go:2081 +0x19e\nnet/http.(*conn).serve(0xc820164080)\n\t/usr/local/Cellar/go/1.6/libexec/src/net/http/server.go:1472 +0xf2e\ncreated by net/http.(*Server).Serve\n\t/usr/local/Cellar/go/1.6/libexec/src/net/http/server.go:2137 +0x44e\n"
ts=2016-04-06T20:54:18-04:00 type=info service=app method="Initializing app." message=Main
ts=2016-04-06T20:54:18-04:00 type=info service=app method=ServiceRegistration message="Stela Client Registered"
ts=2016-04-06T20:54:18-04:00 type=info service=app method="Establishing HTTP Bindings" message=Main addr=:58501 transport=HTTP/JSON
ts=2016-04-06T20:54:18-04:00 type=info service=app method="New Handler" message=Main path=/users type=POST
ts=2016-04-06T20:54:18-04:00 type=info service=app method="New Handler" message=Main path=/users/{id} type=GET
msg="http: panic serving [::1]:58505: result argument must be a slice address\ngoroutine 26 [running]:\nnet/http.(*conn).serve.func1(0xc82009cf00)\n\t/usr/local/Cellar/go/1.6/libexec/src/net/http/server.go:1389 +0xc1\npanic(0x377020, 0xc820010a50)\n\t/usr/local/Cellar/go/1.6/libexec/src/runtime/panic.go:426 +0x4e9\ngopkg.in/mgo%2ev2.(*Iter).All(0xc820184000, 0x355360, 0x0, 0x0, 0x0)\n\t/Users/rodrigo/work/src/gopkg.in/mgo.v2/session.go:3524 +0x742\ngopkg.in/mgo%2ev2.(*Query).All(0xc82016c300, 0x355360, 0x0, 0x0, 0x0)\n\t/Users/rodrigo/work/src/gopkg.in/mgo.v2/session.go:3551 +0x4f\nmain.userService.GetByID(0x0, 0x0, 0x0, 0x0, 0x0)\n\t/Users/rodrigo/work/src/gitlab.com/buzz/user/service.go:105 +0x3a0\nmain.(*userService).GetByID(0x6e8b98, 0x0, 0x0, 0x0, 0x0, 0x0)\n\t<autogenerated>:15 +0xad\nmain.userServiceLogginMiddleware.GetByID(0xc8200dc780, 0x945c48, 0x6e8b98, 0x0, 0x0, 0xc82011d918, 0x0, 0x0)\n\t/Users/rodrigo/work/src/gitlab.com/buzz/user/logging.go:34 +0x72\nmain.(*userServiceLogginMiddleware).GetByID(0xc8200dcc00, 0x0, 0x0, 0x6, 0x0, 0x0)\n\t<autogenerated>:9 +0xc1\nmain.handleGetUserByID.func1(0x945f28, 0xc820079ba0, 0xc8200f0460)\n\t/Users/rodrigo/work/src/gitlab.com/buzz/user/handlers.go:74 +0x144\nnet/http.HandlerFunc.ServeHTTP(0xc8200dcd20, 0x945f28, 0xc820079ba0, 0xc8200f0460)\n\t/usr/local/Cellar/go/1.6/libexec/src/net/http/server.go:1618 +0x3a\ngithub.com/gorilla/mux.(*Router).ServeHTTP(0xc82009a4b0, 0x945f28, 0xc820079ba0, 0xc8200f0460)\n\t/Users/rodrigo/work/src/github.com/gorilla/mux/mux.go:103 +0x270\nnet/http.(*ServeMux).ServeHTTP(0xc820076a80, 0x945f28, 0xc820079ba0, 0xc8200f0460)\n\t/usr/local/Cellar/go/1.6/libexec/src/net/http/server.go:1910 +0x17d\nnet/http.serverHandler.ServeHTTP(0xc82009cd00, 0x945f28, 0xc820079ba0, 0xc8200f0460)\n\t/usr/local/Cellar/go/1.6/libexec/src/net/http/server.go:2081 +0x19e\nnet/http.(*conn).serve(0xc82009cf00)\n\t/usr/local/Cellar/go/1.6/libexec/src/net/http/server.go:1472 +0xf2e\ncreated by net/http.(*Server).Serve\n\t/usr/local/Cellar/go/1.6/libexec/src/net/http/server.go:2137 +0x44e\n"
ts=2016-04-06T20:55:46-04:00 type=info service=app method="Initializing app." message=Main
ts=2016-04-06T20:55:46-04:00 type=info service=app method=ServiceRegistration message="Stela Client Registered"
ts=2016-04-06T20:55:46-04:00 type=info service=app method="Establishing HTTP Bindings" message=Main addr=:58645 transport=HTTP/JSON
ts=2016-04-06T20:55:46-04:00 type=info service=app method="New Handler" message=Main path=/users type=POST
ts=2016-04-06T20:55:46-04:00 type=info service=app method="New Handler" message=Main path=/users/{id} type=GET
msg="map[id:5705a1ffe5b07eabd18c0f5e]\n"
ts=2016-04-06T20:56:16-04:00 type=info service=app method="Initializing app." message=Main
ts=2016-04-06T20:56:16-04:00 type=info service=app method=ServiceRegistration message="Stela Client Registered"
ts=2016-04-06T20:56:16-04:00 type=info service=app method="Establishing HTTP Bindings" message=Main addr=:58674 transport=HTTP/JSON
ts=2016-04-06T20:56:16-04:00 type=info service=app method="New Handler" message=Main path=/users type=POST
ts=2016-04-06T20:56:16-04:00 type=info service=app method="New Handler" message=Main path=/users/{id} type=GET
msg="5705a1ffe5b07eabd18c0f5e\n"
ts=2016-04-06T20:56:48-04:00 type=info service=app method="Initializing app." message=Main
ts=2016-04-06T20:56:48-04:00 type=info service=app method=ServiceRegistration message="Stela Client Registered"
ts=2016-04-06T20:56:48-04:00 type=info service=app method="Establishing HTTP Bindings" message=Main addr=:58706 transport=HTTP/JSON
ts=2016-04-06T20:56:48-04:00 type=info service=app method="New Handler" message=Main path=/users type=POST
ts=2016-04-06T20:56:48-04:00 type=info service=app method="New Handler" message=Main path=/users/{id} type=GET
msg="http: panic serving [::1]:58710: result argument must be a slice address\ngoroutine 11 [running]:\nnet/http.(*conn).serve.func1(0xc820080f00)\n\t/usr/local/Cellar/go/1.6/libexec/src/net/http/server.go:1389 +0xc1\npanic(0x377020, 0xc820156280)\n\t/usr/local/Cellar/go/1.6/libexec/src/runtime/panic.go:426 +0x4e9\ngopkg.in/mgo%2ev2.(*Iter).All(0xc8201023c0, 0x355360, 0x0, 0x0, 0x0)\n\t/Users/rodrigo/work/src/gopkg.in/mgo.v2/session.go:3524 +0x742\ngopkg.in/mgo%2ev2.(*Query).All(0xc8200bcb00, 0x355360, 0x0, 0x0, 0x0)\n\t/Users/rodrigo/work/src/gopkg.in/mgo.v2/session.go:3551 +0x4f\nmain.userService.GetByID(0xc8201480fb, 0x18, 0x0, 0x0, 0x0)\n\t/Users/rodrigo/work/src/gitlab.com/buzz/user/service.go:105 +0x3a0\nmain.(*userService).GetByID(0x6e8b98, 0xc8201480fb, 0x18, 0x0, 0x0, 0x0)\n\t<autogenerated>:15 +0xad\nmain.userServiceLogginMiddleware.GetByID(0xc8200ba9a0, 0x905c70, 0x6e8b98, 0xc8201480fb, 0x18, 0xc82003b918, 0x0, 0x0)\n\t/Users/rodrigo/work/src/gitlab.com/buzz/user/logging.go:34 +0x72\nmain.(*userServiceLogginMiddleware).GetByID(0xc8200bae20, 0xc8201480fb, 0x18, 0x2, 0x0, 0x0)\n\t<autogenerated>:9 +0xc1\nmain.handleGetUserByID.func1(0x905f50, 0xc8200d21a0, 0xc8200ce460)\n\t/Users/rodrigo/work/src/gitlab.com/buzz/user/handlers.go:75 +0x144\nnet/http.HandlerFunc.ServeHTTP(0xc8200baf40, 0x905f50, 0xc8200d21a0, 0xc8200ce460)\n\t/usr/local/Cellar/go/1.6/libexec/src/net/http/server.go:1618 +0x3a\ngithub.com/gorilla/mux.(*Router).ServeHTTP(0xc820014550, 0x905f50, 0xc8200d21a0, 0xc8200ce460)\n\t/Users/rodrigo/work/src/github.com/gorilla/mux/mux.go:103 +0x270\nnet/http.(*ServeMux).ServeHTTP(0xc82000aba0, 0x905f50, 0xc8200d21a0, 0xc8200ce460)\n\t/usr/local/Cellar/go/1.6/libexec/src/net/http/server.go:1910 +0x17d\nnet/http.serverHandler.ServeHTTP(0xc820080d00, 0x905f50, 0xc8200d21a0, 0xc8200ce460)\n\t/usr/local/Cellar/go/1.6/libexec/src/net/http/server.go:2081 +0x19e\nnet/http.(*conn).serve(0xc820080f00)\n\t/usr/local/Cellar/go/1.6/libexec/src/net/http/server.go:1472 +0xf2e\ncreated by net/http.(*Server).Serve\n\t/usr/local/Cellar/go/1.6/libexec/src/net/http/server.go:2137 +0x44e\n"
ts=2016-04-06T20:59:28-04:00 type=info service=app method="Initializing app." message=Main
ts=2016-04-06T20:59:28-04:00 type=info service=app method=ServiceRegistration message="Stela Client Registered"
ts=2016-04-06T20:59:28-04:00 type=info service=app method="Establishing HTTP Bindings" message=Main addr=:58808 transport=HTTP/JSON
ts=2016-04-06T20:59:28-04:00 type=info service=app method="New Handler" message=Main path=/users type=POST
ts=2016-04-06T20:59:28-04:00 type=info service=app method="New Handler" message=Main path=/users/{id} type=GET
msg="http: panic serving [::1]:58814: result argument must be a slice address\ngoroutine 50 [running]:\nnet/http.(*conn).serve.func1(0xc820138200)\n\t/usr/local/Cellar/go/1.6/libexec/src/net/http/server.go:1389 +0xc1\npanic(0x377140, 0xc820122210)\n\t/usr/local/Cellar/go/1.6/libexec/src/runtime/panic.go:426 +0x4e9\ngopkg.in/mgo%2ev2.(*Iter).All(0xc820186000, 0x355480, 0x0, 0x0, 0x0)\n\t/Users/rodrigo/work/src/gopkg.in/mgo.v2/session.go:3524 +0x742\ngopkg.in/mgo%2ev2.(*Query).All(0xc820180100, 0x355480, 0x0, 0x0, 0x0)\n\t/Users/rodrigo/work/src/gopkg.in/mgo.v2/session.go:3551 +0x4f\nmain.userService.GetByID(0x0, 0x0, 0x0, 0x0, 0x0)\n\t/Users/rodrigo/work/src/gitlab.com/buzz/user/service.go:105 +0x3a0\nmain.(*userService).GetByID(0x6e8b98, 0x0, 0x0, 0x0, 0x0, 0x0)\n\t<autogenerated>:15 +0xad\nmain.userServiceLogginMiddleware.GetByID(0xc8200ba9a0, 0x905c70, 0x6e8b98, 0x0, 0x0, 0x0, 0x0, 0x0)\n\t/Users/rodrigo/work/src/gitlab.com/buzz/user/logging.go:34 +0x72\nmain.(*userServiceLogginMiddleware).GetByID(0xc8200bae20, 0x0, 0x0, 0x1, 0x0, 0x0)\n\t<autogenerated>:9 +0xc1\nmain.handleGetUserByID.func1(0x9800a8, 0xc82014e0d0, 0xc82013e380)\n\t/Users/rodrigo/work/src/gitlab.com/buzz/user/handlers.go:77 +0x22c\nnet/http.HandlerFunc.ServeHTTP(0xc8200baf40, 0x9800a8, 0xc82014e0d0, 0xc82013e380)\n\t/usr/local/Cellar/go/1.6/libexec/src/net/http/server.go:1618 +0x3a\ngithub.com/gorilla/mux.(*Router).ServeHTTP(0xc820014550, 0x9800a8, 0xc82014e0d0, 0xc82013e380)\n\t/Users/rodrigo/work/src/github.com/gorilla/mux/mux.go:103 +0x270\nnet/http.(*ServeMux).ServeHTTP(0xc82000aba0, 0x9800a8, 0xc82014e0d0, 0xc82013e380)\n\t/usr/local/Cellar/go/1.6/libexec/src/net/http/server.go:1910 +0x17d\nnet/http.serverHandler.ServeHTTP(0xc820080d00, 0x9800a8, 0xc82014e0d0, 0xc82013e380)\n\t/usr/local/Cellar/go/1.6/libexec/src/net/http/server.go:2081 +0x19e\nnet/http.(*conn).serve(0xc820138200)\n\t/usr/local/Cellar/go/1.6/libexec/src/net/http/server.go:1472 +0xf2e\ncreated by net/http.(*Server).Serve\n\t/usr/local/Cellar/go/1.6/libexec/src/net/http/server.go:2137 +0x44e\n"
ts=2016-04-06T21:00:06-04:00 type=info service=app method=Create message="Service Results" success=true
ts=2016-04-06T21:00:59-04:00 type=info service=app method="Initializing app." message=Main
ts=2016-04-06T21:00:59-04:00 type=info service=app method=ServiceRegistration message="Stela Client Registered"
ts=2016-04-06T21:00:59-04:00 type=info service=app method="Establishing HTTP Bindings" message=Main addr=:58863 transport=HTTP/JSON
ts=2016-04-06T21:00:59-04:00 type=info service=app method="New Handler" message=Main path=/users type=POST
ts=2016-04-06T21:00:59-04:00 type=info service=app method="New Handler" message=Main path=/users/{id} type=GET
ts=2016-04-06T21:01:11-04:00 type=info service=app method=GetByID message="Service Results" success=false error="not found"
ts=2016-04-06T21:01:49-04:00 type=info service=app method="Initializing app." message=Main
ts=2016-04-06T21:01:49-04:00 type=info service=app method=ServiceRegistration message="Stela Client Registered"
ts=2016-04-06T21:01:49-04:00 type=info service=app method="Establishing HTTP Bindings" message=Main addr=:58919 transport=HTTP/JSON
ts=2016-04-06T21:01:49-04:00 type=info service=app method="New Handler" message=Main path=/users type=POST
ts=2016-04-06T21:01:49-04:00 type=info service=app method="New Handler" message=Main path=/users/{id} type=GET
ts=2016-04-06T21:01:56-04:00 type=info service=app method=GetByID message="Service Results" success=false error="reflect: reflect.Value.Set using unaddressable value"
ts=2016-04-06T21:02:38-04:00 type=info service=app method="Initializing app." message=Main
ts=2016-04-06T21:02:38-04:00 type=info service=app method=ServiceRegistration message="Stela Client Registered"
ts=2016-04-06T21:02:38-04:00 type=info service=app method="Establishing HTTP Bindings" message=Main addr=:58956 transport=HTTP/JSON
ts=2016-04-06T21:02:38-04:00 type=info service=app method="New Handler" message=Main path=/users type=POST
ts=2016-04-06T21:02:38-04:00 type=info service=app method="New Handler" message=Main path=/users/{id} type=GET
ts=2016-04-06T21:02:47-04:00 type=info service=app method=GetByID message="Service Results" success=true
ts=2016-04-06T21:03:17-04:00 type=info service=app method="Initializing app." message=Main
ts=2016-04-06T21:03:17-04:00 type=info service=app method=ServiceRegistration message="Stela Client Registered"
ts=2016-04-06T21:03:17-04:00 type=info service=app method="Establishing HTTP Bindings" message=Main addr=:58972 transport=HTTP/JSON
ts=2016-04-06T21:03:17-04:00 type=info service=app method="New Handler" message=Main path=/users type=POST
ts=2016-04-06T21:03:17-04:00 type=info service=app method="New Handler" message=Main path=/users/{id} type=GET
ts=2016-04-06T21:13:29-04:00 type=info service=app method=GetByID message="Service Results" success=true
ts=2016-04-06T21:14:39-04:00 type=info service=app method="Initializing app." message=Main
ts=2016-04-06T21:14:39-04:00 type=info service=app method=ServiceRegistration message="Stela Client Registered"
ts=2016-04-06T21:14:39-04:00 type=info service=app method="Establishing HTTP Bindings" message=Main addr=:59702 transport=HTTP/JSON
ts=2016-04-06T21:14:39-04:00 type=info service=app method="New Handler" message=Main path=/users type=POST
ts=2016-04-06T21:14:39-04:00 type=info service=app method="New Handler" message=Main path=/users/{id} type=GET
ts=2016-04-06T21:14:39-04:00 type=info service=app method="New Handler" message=Main path=/users/{username} type=GET
ts=2016-04-06T21:14:49-04:00 type=info service=app method=GetByID message="Service Results" success=false error="not found"
ts=2016-04-06T21:34:14-04:00 type=info service=app method="Initializing app." message=Main
ts=2016-04-06T21:34:14-04:00 type=info service=app method=ServiceRegistration message="Stela Client Registered"
ts=2016-04-06T21:34:14-04:00 type=info service=app method="Establishing HTTP Bindings" message=Main addr=:61329 transport=HTTP/JSON
ts=2016-04-06T21:34:14-04:00 type=info service=app method="New Handler" message=Main path=/users type=POST
ts=2016-04-06T21:34:14-04:00 type=info service=app method="New Handler" message=Main path=/users/{id} type=GET
ts=2016-04-06T21:34:14-04:00 type=info service=app method="New Handler" message=Main path=/auth/authenticate type=POST
ts=2016-04-06T21:34:35-04:00 type=info service=app method=GetByID message="Service Results" success=true
ts=2016-04-06T21:34:54-04:00 type=info service=app method=Create message="Service Results" success=false error="E11000 duplicate key error index: buzz-test-user.users.$username_1_email_1 dup key: { : \"rodzzlessa\", : \"rodrigo@jointhebuzz.co\" }"
ts=2016-04-06T21:35:11-04:00 type=info service=app method=Login message="Service Results" success=true
ts=2016-04-06T21:54:11-04:00 type=info service=app method="Initializing app." message=Main
ts=2016-04-06T21:54:11-04:00 type=info service=app method=ServiceRegistration message="Stela Client Registered"
ts=2016-04-06T21:54:11-04:00 type=info service=app method="Establishing HTTP Bindings" message=Main addr=:62689 transport=HTTP/JSON
ts=2016-04-06T21:54:11-04:00 type=info service=app method="New Handler" message=Main path=/users type=POST
ts=2016-04-06T21:54:11-04:00 type=info service=app method="New Handler" message=Main path=/users/{id} type=GET
ts=2016-04-06T21:54:11-04:00 type=info service=app method="New Handler" message=Main path=/auth/authenticate type=POST
ts=2016-04-06T21:54:19-04:00 type=info service=app method=Login message="Service Results" success=true
ts=2016-04-06T21:56:35-04:00 type=info service=app method="Initializing app." message=Main
ts=2016-04-06T21:56:35-04:00 type=info service=app method=ServiceRegistration message="Stela Client Registered"
ts=2016-04-06T21:56:35-04:00 type=info service=app method="Establishing HTTP Bindings" message=Main addr=:62850 transport=HTTP/JSON
ts=2016-04-06T21:56:35-04:00 type=info service=app method="New Handler" message=Main path=/users type=POST
ts=2016-04-06T21:56:35-04:00 type=info service=app method="New Handler" message=Main path=/users/{id} type=GET
ts=2016-04-06T21:56:35-04:00 type=info service=app method="New Handler" message=Main path=/auth/authenticate type=POST
ts=2016-04-06T21:56:42-04:00 type=info service=app method=Login message="Service Results" success=true
ts=2016-04-06T22:00:11-04:00 type=info service=app method="Initializing app." message=Main
ts=2016-04-06T22:00:11-04:00 type=info service=app method=ServiceRegistration message="Stela Client Registered"
ts=2016-04-06T22:00:11-04:00 type=info service=app method="Establishing HTTP Bindings" message=Main addr=:62970 transport=HTTP/JSON
ts=2016-04-06T22:00:11-04:00 type=info service=app method="New Handler" message=Main path=/users type=POST
ts=2016-04-06T22:00:11-04:00 type=info service=app method="New Handler" message=Main path=/users/{id} type=GET
ts=2016-04-06T22:00:11-04:00 type=info service=app method="New Handler" message=Main path=/auth/authenticate type=POST
ts=2016-04-06T22:00:24-04:00 type=info service=app method=Login message="Service Results" success=true
ts=2016-04-07T16:30:16-04:00 type=info service=app method="Initializing app." message=Main
ts=2016-04-07T16:30:16-04:00 type=info service=app method=ServiceRegistration message="Stela Client Registered"
ts=2016-04-07T16:30:16-04:00 type=info service=app method="Establishing HTTP Bindings" message=Main addr=:54757 transport=HTTP/JSON
ts=2016-04-07T16:30:16-04:00 type=info service=app method="New Handler" message=Main path=/users type=POST
ts=2016-04-07T16:30:16-04:00 type=info service=app method="New Handler" message=Main path=/users/{id} type=GET
ts=2016-04-07T16:30:16-04:00 type=info service=app method="New Handler" message=Main path=/auth/authenticate type=POST
ts=2016-04-07T16:30:16-04:00 type=info service=app method="New Handler" message=Main path=/auth/refresh-token type=POST
ts=2016-04-07T16:52:14-04:00 type=info service=app method="Initializing app." message=Main
ts=2016-04-07T16:52:14-04:00 type=info service=app method=ServiceRegistration message="Stela Client Registered"
ts=2016-04-07T16:52:14-04:00 type=info service=app method="Establishing HTTP Bindings" message=Main addr=:56306 transport=HTTP/JSON
ts=2016-04-07T16:52:14-04:00 type=info service=app method="New Handler" message=Main path=/users type=POST
ts=2016-04-07T16:52:14-04:00 type=info service=app method="New Handler" message=Main path=/users/{id} type=GET
ts=2016-04-07T16:52:14-04:00 type=info service=app method="New Handler" message=Main path=/auth/authenticate type=POST
ts=2016-04-07T16:52:14-04:00 type=info service=app method="New Handler" message=Main path=/auth/refresh-token type=POST
ts=2016-04-07T17:02:14-04:00 type=info service=app method="Initializing app." message=Main
ts=2016-04-07T17:02:14-04:00 type=info service=app method=ServiceRegistration message="Stela Client Registered"
ts=2016-04-07T17:02:14-04:00 type=info service=app method="Establishing HTTP Bindings" message=Main addr=:56783 transport=HTTP/JSON
ts=2016-04-07T17:02:14-04:00 type=info service=app method="New Handler" message=Main path=/users type=POST
ts=2016-04-07T17:02:14-04:00 type=info service=app method="New Handler" message=Main path=/users/{id} type=GET
ts=2016-04-07T17:02:14-04:00 type=info service=app method="New Handler" message=Main path=/auth/authenticate type=POST
ts=2016-04-07T17:02:14-04:00 type=info service=app method="New Handler" message=Main path=/auth/refresh-token type=POST
ts=2016-04-07T17:11:01-04:00 type=info service=app method="Initializing app." message=Main
ts=2016-04-07T17:11:01-04:00 type=info service=app method=ServiceRegistration message="Stela Client Registered"
ts=2016-04-07T17:11:01-04:00 type=info service=app method="Establishing HTTP Bindings" message=Main addr=:57142 transport=HTTP/JSON
ts=2016-04-07T17:11:01-04:00 type=info service=app method="New Handler" message=Main path=/users type=POST
ts=2016-04-07T17:11:01-04:00 type=info service=app method="New Handler" message=Main path=/users/{id} type=GET
ts=2016-04-07T17:11:01-04:00 type=info service=app method="New Handler" message=Main path=/auth/authenticate type=POST
ts=2016-04-07T17:11:01-04:00 type=info service=app method="New Handler" message=Main path=/auth/refresh-token type=POST
ts=2016-04-07T17:11:39-04:00 type=info service=app method="Initializing app." message=Main
ts=2016-04-07T17:11:39-04:00 type=info service=app method=ServiceRegistration message="Stela Client Registered"
ts=2016-04-07T17:11:39-04:00 type=info service=app method="Establishing HTTP Bindings" message=Main addr=:57166 transport=HTTP/JSON
ts=2016-04-07T17:11:39-04:00 type=info service=app method="New Handler" message=Main path=/users type=POST
ts=2016-04-07T17:11:39-04:00 type=info service=app method="New Handler" message=Main path=/users/{id} type=GET
ts=2016-04-07T17:11:39-04:00 type=info service=app method="New Handler" message=Main path=/auth/authenticate type=POST
ts=2016-04-07T17:11:39-04:00 type=info service=app method="New Handler" message=Main path=/auth/refresh-token type=POST
ts=2016-04-07T17:13:13-04:00 type=info service=app method="Initializing app." message=Main
ts=2016-04-07T17:13:13-04:00 type=info service=app method=ServiceRegistration message="Stela Client Registered"
ts=2016-04-07T17:13:13-04:00 type=info service=app method="Establishing HTTP Bindings" message=Main addr=:57269 transport=HTTP/JSON
ts=2016-04-07T17:13:13-04:00 type=info service=app method="New Handler" message=Main path=/users type=POST
ts=2016-04-07T17:13:13-04:00 type=info service=app method="New Handler" message=Main path=/users/{id} type=GET
ts=2016-04-07T17:13:13-04:00 type=info service=app method="New Handler" message=Main path=/auth/authenticate type=POST
ts=2016-04-07T17:13:13-04:00 type=info service=app method="New Handler" message=Main path=/auth/refresh-token type=POST
ts=2016-04-07T17:13:51-04:00 type=info service=app method=Login message="Service Results" success=false error="invalid username or password"
ts=2016-04-07T17:14:46-04:00 type=info service=app method=Create message="Service Results" success=true
ts=2016-04-07T17:14:51-04:00 type=info service=app method=Login message="Service Results" success=true
ts=2016-04-07T17:15:26-04:00 type=info service=app method="Initializing app." message=Main
ts=2016-04-07T17:15:26-04:00 type=info service=app method=ServiceRegistration message="Stela Client Registered"
ts=2016-04-07T17:15:26-04:00 type=info service=app method="Establishing HTTP Bindings" message=Main addr=:57303 transport=HTTP/JSON
ts=2016-04-07T17:15:26-04:00 type=info service=app method="New Handler" message=Main path=/users type=POST
ts=2016-04-07T17:15:26-04:00 type=info service=app method="New Handler" message=Main path=/users/{id} type=GET
ts=2016-04-07T17:15:26-04:00 type=info service=app method="New Handler" message=Main path=/auth/authenticate type=POST
ts=2016-04-07T17:15:26-04:00 type=info service=app method="New Handler" message=Main path=/auth/refresh-token type=POST
ts=2016-04-07T17:16:25-04:00 type=info service=app method="Initializing app." message=Main
ts=2016-04-07T17:16:25-04:00 type=info service=app method=ServiceRegistration message="Stela Client Registered"
ts=2016-04-07T17:16:25-04:00 type=info service=app method="Establishing HTTP Bindings" message=Main addr=:57354 transport=HTTP/JSON
ts=2016-04-07T17:16:25-04:00 type=info service=app method="New Handler" message=Main path=/users type=POST
ts=2016-04-07T17:16:25-04:00 type=info service=app method="New Handler" message=Main path=/users/{id} type=GET
ts=2016-04-07T17:16:25-04:00 type=info service=app method="New Handler" message=Main path=/auth/authenticate type=POST
ts=2016-04-07T17:16:25-04:00 type=info service=app method="New Handler" message=Main path=/auth/refresh-token type=POST
msg="http: multiple response.WriteHeader calls\n"
ts=2016-04-07T17:21:57-04:00 type=info service=app method="Initializing app." message=Main
ts=2016-04-07T17:21:57-04:00 type=info service=app method=ServiceRegistration message="Stela Client Registered"
ts=2016-04-07T17:21:57-04:00 type=info service=app method="Establishing HTTP Bindings" message=Main addr=:57577 transport=HTTP/JSON
ts=2016-04-07T17:21:57-04:00 type=info service=app method="New Handler" message=Main path=/users type=POST
ts=2016-04-07T17:21:57-04:00 type=info service=app method="New Handler" message=Main path=/users/{id} type=GET
ts=2016-04-07T17:21:57-04:00 type=info service=app method="New Handler" message=Main path=/auth/authenticate type=POST
ts=2016-04-07T17:21:57-04:00 type=info service=app method="New Handler" message=Main path=/auth/refresh-token type=POST
ts=2016-04-07T17:22:30-04:00 type=info service=app method=Login message="Service Results" success=true
ts=2016-04-07T17:31:53-04:00 type=info service=app method="Initializing app." message=Main
ts=2016-04-07T17:31:53-04:00 type=info service=app method=ServiceRegistration message="Stela Client Registered"
ts=2016-04-07T17:31:53-04:00 type=info service=app method="Establishing HTTP Bindings" message=Main addr=:58037 transport=HTTP/JSON
ts=2016-04-07T17:31:53-04:00 type=info service=app method="New Handler" message=Main path=/users type=POST
ts=2016-04-07T17:31:53-04:00 type=info service=app method="New Handler" message=Main path=/users/{id} type=GET
ts=2016-04-07T17:31:53-04:00 type=info service=app method="New Handler" message=Main path=/auth/authenticate type=POST
ts=2016-04-07T17:31:53-04:00 type=info service=app method="New Handler" message=Main path=/auth/refresh-token type=POST
ts=2016-04-07T17:32:16-04:00 type=info service=app method=Login message="Service Results" success=true
ts=2016-04-07T17:32:40-04:00 type=info service=app method=RefreshToken message="Service Results" success=true
